<?xml version="1.0" encoding="UTF-8"?>
<!-- Generated by org.testng.reporters.JUnitReportReporter -->
<testsuite hostname="Yasmines-MacBook-Air.local" failures="0" tests="1" name="AndroidTests.NewTest" time="9.663" errors="0" timestamp="2022-07-02T19:20:59 EET" skipped="0">
  <testcase classname="AndroidTests.NewTest" name="Open_App" time="9.663"/>
  <system-out/>
</testsuite> <!-- AndroidTests.NewTest -->
